<?xml version="1.0" encoding="UTF-8"?>
<!-- Generated by org.testng.reporters.JUnitReportReporter -->
<testsuite hostname="DESKTOP-KQ0EMK1" failures="0" tests="1" name="tests.AddNewCustomerTest" time="122.604" errors="0" timestamp="2024-03-02T12:59:26 CST" skipped="0">
  <testcase classname="tests.AddNewCustomerTest" name="userShuldBeAbleToAddNewCustomer" time="122.604"/>
  <system-out/>
</testsuite> <!-- tests.AddNewCustomerTest -->
